Login attempt - Email=janN@gmail.com, RoleRaw='admin', TypStravnik='pr', Time=2025-12-15T12:07:43.0502198+01:00
Login attempt - Email=janN@gmail.com, RoleRaw='admin', TypStravnik='pr', Time=2025-12-15T13:39:24.5381435+01:00
Login attempt - Email=janN@gmail.com, RoleRaw='admin', TypStravnik='pr', Time=2025-12-15T22:39:45.9059067+01:00
Login attempt - Email=janN@gmail.com, RoleRaw='admin', TypStravnik='pr', Time=2025-12-15T23:05:34.4384444+01:00
Login attempt - Email=janN@gmail.com, RoleRaw='admin', TypStravnik='pr', Time=2025-12-15T23:06:29.4527810+01:00
Login attempt - Email=janN@gmail.com, RoleRaw='admin', TypStravnik='pr', Time=2025-12-15T23:19:41.4044752+01:00
Login attempt - Email=janN@gmail.com, RoleRaw='admin', TypStravnik='pr', Time=2025-12-15T23:22:44.6128004+01:00
Login attempt - Email=janN@gmail.com, RoleRaw='admin', TypStravnik='pr', Time=2025-12-15T23:29:58.8102245+01:00
Login attempt - Email=janN@gmail.com, RoleRaw='admin', TypStravnik='pr', Time=2025-12-15T23:31:41.4751559+01:00
Login attempt - Email=janN@gmail.com, RoleRaw='admin', TypStravnik='pr', Time=2025-12-15T23:45:35.8491161+01:00
Login attempt - Email=janN@gmail.com, RoleRaw='admin', TypStravnik='pr', Time=2025-12-16T00:14:52.1321293+01:00
Login attempt - Email=janN@gmail.com, RoleRaw='admin', TypStravnik='pr', Time=2025-12-16T00:30:51.9126680+01:00
Login attempt - Email=janN@gmail.com, RoleRaw='admin', TypStravnik='pr', Time=2025-12-16T00:32:34.6686122+01:00
Login attempt - Email=janN@gmail.com, RoleRaw='admin', TypStravnik='pr', Time=2025-12-16T00:34:40.7010211+01:00
Login attempt - Email=janN@gmail.com, RoleRaw='admin', TypStravnik='pr', Time=2025-12-16T00:56:44.8202999+01:00
Login attempt - Email=janN@gmail.com, RoleRaw='admin', TypStravnik='pr', Time=2025-12-16T01:04:31.6136250+01:00
Login attempt - Email=janN@gmail.com, RoleRaw='admin', TypStravnik='pr', Time=2025-12-16T01:11:19.1384944+01:00
Login attempt - Email=janN@gmail.com, RoleRaw='admin', TypStravnik='pr', Time=2025-12-16T01:16:55.2300525+01:00
Login attempt - Email=janN@gmail.com, RoleRaw='admin', TypStravnik='pr', Time=2025-12-16T01:17:40.9667884+01:00
Login attempt - Email=janN@gmail.com, RoleRaw='admin', TypStravnik='pr', Time=2025-12-16T01:19:53.5191865+01:00
Login attempt - Email=janN@gmail.com, RoleRaw='admin', TypStravnik='pr', Time=2025-12-16T01:22:53.6836750+01:00
Login attempt - Email=janN@gmail.com, RoleRaw='admin', TypStravnik='pr', Time=2025-12-16T01:27:26.1089118+01:00
Login attempt - Email=janN@gmail.com, RoleRaw='admin', TypStravnik='pr', Time=2025-12-16T01:31:53.9728631+01:00
Login attempt - Email=janN@gmail.com, RoleRaw='admin', TypStravnik='pr', Time=2025-12-16T01:35:51.2505765+01:00
Login attempt - Email=janN@gmail.com, RoleRaw='admin', TypStravnik='pr', Time=2025-12-16T01:42:12.8378545+01:00
Login attempt - Email=janN@gmail.com, RoleRaw='admin', TypStravnik='pr', Time=2025-12-16T01:49:56.8060903+01:00
Login attempt - Email=janN@gmail.com, RoleRaw='admin', TypStravnik='pr', Time=2025-12-16T01:53:15.3345611+01:00
Login attempt - Email=janN@gmail.com, RoleRaw='admin', TypStravnik='pr', Time=2025-12-16T02:14:54.5066759+01:00
Login attempt - Email=janN@gmail.com, RoleRaw='admin', TypStravnik='pr', Time=2025-12-16T02:16:02.5930163+01:00
Login attempt - Email=janN@gmail.com, RoleRaw='admin', TypStravnik='pr', Time=2025-12-16T02:19:03.7146136+01:00
Login attempt - Email=janN@gmail.com, RoleRaw='admin', TypStravnik='pr', Time=2025-12-16T07:07:08.6626289+01:00
Login attempt - Email=janN@gmail.com, RoleRaw='admin', TypStravnik='pr', Time=2025-12-16T07:08:43.3261156+01:00
Login attempt - Email=janN@gmail.com, RoleRaw='admin', TypStravnik='pr', Time=2025-12-16T07:09:00.7090920+01:00
Login attempt - Email=janN@gmail.com, RoleRaw='admin', TypStravnik='pr', Time=2025-12-16T09:43:10.6036980+01:00
Login attempt - Email=janN@gmail.com, RoleRaw='admin', TypStravnik='pr', Time=2025-12-16T09:43:11.5194860+01:00
Login attempt - Email=marie@gmail.com, RoleRaw='user', TypStravnik='st', Time=2025-12-16T10:51:21.1624190+01:00
Login attempt - Email=karel@gmail.com, RoleRaw='user', TypStravnik='pr', Time=2025-12-16T10:56:23.1225019+01:00
Login attempt - Email=janN@gmail.com, RoleRaw='admin', TypStravnik='pr', Time=2025-12-16T10:56:41.1747214+01:00
Login attempt - Email=marie@gmail.com, RoleRaw='user', TypStravnik='st', Time=2025-12-16T11:06:28.0338590+01:00
Login attempt - Email=karel@gmail.com, RoleRaw='user', TypStravnik='pr', Time=2025-12-16T11:06:55.4516455+01:00
Login attempt - Email=janJan@seznam.cz, RoleRaw='user', TypStravnik='pr', Time=2025-12-16T11:20:09.8391849+01:00
Login attempt - Email=janJan@seznam.cz, RoleRaw='user', TypStravnik='pr', Time=2025-12-16T11:24:55.1538091+01:00
Login attempt - Email=janJan@seznam.cz, RoleRaw='user', TypStravnik='pr', Time=2025-12-16T11:47:57.4188668+01:00
Login attempt - Email=janJan@seznam.cz, RoleRaw='user', TypStravnik='pr', Time=2025-12-16T11:54:49.5993266+01:00
Login attempt - Email=janN@gmail.com, RoleRaw='admin', TypStravnik='pr', Time=2025-12-16T12:06:10.4479555+01:00
Login attempt - Email=janJan@seznam.cz, RoleRaw='user', TypStravnik='pr', Time=2025-12-16T12:06:47.9507650+01:00
Login attempt - Email=janJan@seznam.cz, RoleRaw='user', TypStravnik='pr', Time=2025-12-16T12:14:05.1477675+01:00
Login attempt - Email=janJan@seznam.cz, RoleRaw='user', TypStravnik='pr', Time=2025-12-16T12:19:41.1154847+01:00
Login attempt - Email=janJan@seznam.cz, RoleRaw='user', TypStravnik='pr', Time=2025-12-16T12:25:43.8092611+01:00
Login attempt - Email=janJan@seznam.cz, RoleRaw='user', TypStravnik='pr', Time=2025-12-16T12:34:42.5844728+01:00
Login attempt - Email=janJan@seznam.cz, RoleRaw='user', TypStravnik='pr', Time=2025-12-16T12:38:13.8684910+01:00
Login attempt - Email=janJan@seznam.cz, RoleRaw='user', TypStravnik='pr', Time=2025-12-16T12:40:39.4824499+01:00
Login attempt - Email=marie@gmail.com, RoleRaw='user', TypStravnik='st', Time=2025-12-16T12:41:37.8241917+01:00
Login attempt - Email=janJan@seznam.cz, RoleRaw='user', TypStravnik='pr', Time=2025-12-16T12:42:45.1970760+01:00
Login attempt - Email=janN@gmail.com, RoleRaw='admin', TypStravnik='pr', Time=2025-12-16T12:55:00.0824750+01:00
Login attempt - Email=janN@gmail.com, RoleRaw='admin', TypStravnik='pr', Time=2025-12-16T13:07:54.5033700+01:00
Login attempt - Email=janN@gmail.com, RoleRaw='admin', TypStravnik='pr', Time=2025-12-16T13:12:28.0943243+01:00
Login attempt - Email=janN@gmail.com, RoleRaw='admin', TypStravnik='pr', Time=2025-12-16T13:25:28.8511148+01:00
Login attempt - Email=janN@gmail.com, RoleRaw='admin', TypStravnik='pr', Time=2025-12-16T13:27:53.0905141+01:00
Login attempt - Email=janN@gmail.com, RoleRaw='admin', TypStravnik='pr', Time=2025-12-16T13:37:13.8095336+01:00
Login attempt - Email=janN@gmail.com, RoleRaw='admin', TypStravnik='pr', Time=2025-12-16T13:46:42.3781350+01:00
Login attempt - Email=janN@gmail.com, RoleRaw='admin', TypStravnik='pr', Time=2025-12-16T13:50:10.0955410+01:00
Login attempt - Email=janN@gmail.com, RoleRaw='admin', TypStravnik='pr', Time=2025-12-16T13:52:24.3248862+01:00
Login attempt - Email=janN@gmail.com, RoleRaw='admin', TypStravnik='pr', Time=2025-12-16T13:59:09.8562130+01:00
Login attempt - Email=janN@gmail.com, RoleRaw='admin', TypStravnik='pr', Time=2025-12-16T14:07:02.1852478+01:00
Login attempt - Email=janN@gmail.com, RoleRaw='admin', TypStravnik='pr', Time=2025-12-16T14:14:16.9623354+01:00
Login attempt - Email=janN@gmail.com, RoleRaw='admin', TypStravnik='pr', Time=2025-12-16T14:16:54.8300455+01:00
Login attempt - Email=janN@gmail.com, RoleRaw='admin', TypStravnik='pr', Time=2025-12-16T14:22:26.8279770+01:00
Login attempt - Email=janN@gmail.com, RoleRaw='admin', TypStravnik='pr', Time=2025-12-16T14:22:29.7467597+01:00
Login attempt - Email=janN@gmail.com, RoleRaw='admin', TypStravnik='pr', Time=2025-12-16T14:27:45.1479981+01:00
Login attempt - Email=janN@gmail.com, RoleRaw='admin', TypStravnik='pr', Time=2025-12-16T14:29:39.0950997+01:00
Login attempt - Email=janN@gmail.com, RoleRaw='admin', TypStravnik='pr', Time=2025-12-16T14:34:30.3504986+01:00
Login attempt - Email=janN@gmail.com, RoleRaw='admin', TypStravnik='pr', Time=2025-12-16T14:37:38.1957636+01:00
Login attempt - Email=janN@gmail.com, RoleRaw='admin', TypStravnik='pr', Time=2025-12-16T14:47:15.8135099+01:00
Login attempt - Email=janN@gmail.com, RoleRaw='admin', TypStravnik='pr', Time=2025-12-16T14:53:21.7122623+01:00
Login attempt - Email=janN@gmail.com, RoleRaw='admin', TypStravnik='pr', Time=2025-12-16T14:57:35.7416221+01:00
Login attempt - Email=janN@gmail.com, RoleRaw='admin', TypStravnik='pr', Time=2025-12-16T15:02:32.5045766+01:00
Login attempt - Email=janN@gmail.com, RoleRaw='admin', TypStravnik='pr', Time=2025-12-16T15:06:12.0577414+01:00
Login attempt - Email=janN@gmail.com, RoleRaw='admin', TypStravnik='pr', Time=2025-12-16T15:09:05.5925604+01:00
Login attempt - Email=janN@gmail.com, RoleRaw='admin', TypStravnik='pr', Time=2025-12-16T15:12:20.1887756+01:00
Login attempt - Email=janN@gmail.com, RoleRaw='admin', TypStravnik='pr', Time=2025-12-16T15:17:07.1656296+01:00
Login attempt - Email=janN@gmail.com, RoleRaw='admin', TypStravnik='pr', Time=2025-12-16T15:20:50.2082731+01:00
Login attempt - Email=janN@gmail.com, RoleRaw='admin', TypStravnik='pr', Time=2025-12-16T15:23:06.2519919+01:00
Login attempt - Email=janN@gmail.com, RoleRaw='admin', TypStravnik='pr', Time=2025-12-16T15:27:21.8864098+01:00
Login attempt - Email=janN@gmail.com, RoleRaw='admin', TypStravnik='pr', Time=2025-12-16T15:28:50.3048569+01:00
Login attempt - Email=janJan@seznam.cz, RoleRaw='user', TypStravnik='pr', Time=2025-12-16T15:34:40.5829049+01:00
Login attempt - Email=janN@gmail.com, RoleRaw='admin', TypStravnik='pr', Time=2025-12-16T15:38:26.0844126+01:00
Login attempt - Email=karel@gmail.com, RoleRaw='user', TypStravnik='pr', Time=2025-12-16T19:59:51.9847404+01:00
Login attempt - Email=janJan@seznam.cz, RoleRaw='user', TypStravnik='pr', Time=2025-12-16T20:24:14.2040925+01:00
Login attempt - Email=marie@gmail.com, RoleRaw='user', TypStravnik='st', Time=2025-12-16T20:29:16.3931753+01:00
Login attempt - Email=karel@gmail.com, RoleRaw='user', TypStravnik='pr', Time=2025-12-16T20:30:02.7175083+01:00
Login attempt - Email=marie@gmail.com, RoleRaw='user', TypStravnik='st', Time=2025-12-16T21:52:20.9575173+01:00
Login attempt - Email=marie@gmail.com, RoleRaw='user', TypStravnik='st', Time=2025-12-16T22:11:35.5168683+01:00
Login attempt - Email=janJan@seznam.cz, RoleRaw='user', TypStravnik='pr', Time=2025-12-16T22:20:05.5293177+01:00
Login attempt - Email=janJan@seznam.cz, RoleRaw='user', TypStravnik='pr', Time=2025-12-16T22:24:38.2769808+01:00
Login attempt - Email=janJan@seznam.cz, RoleRaw='user', TypStravnik='pr', Time=2025-12-16T22:29:35.8420967+01:00
Login attempt - Email=marie@gmail.com, RoleRaw='user', TypStravnik='st', Time=2025-12-16T22:35:15.6005574+01:00
Login attempt - Email=janJan@seznam.cz, RoleRaw='user', TypStravnik='pr', Time=2025-12-16T22:43:10.9167105+01:00
Login attempt - Email=marie@gmail.com, RoleRaw='user', TypStravnik='st', Time=2025-12-16T22:43:22.5546201+01:00
Login attempt - Email=karel@gmail.com, RoleRaw='user', TypStravnik='pr', Time=2025-12-16T22:44:01.0264597+01:00
Login attempt - Email=marie@gmail.com, RoleRaw='user', TypStravnik='st', Time=2025-12-16T22:54:55.3186422+01:00
Login attempt - Email=karel@gmail.com, RoleRaw='user', TypStravnik='pr', Time=2025-12-16T23:12:20.4501214+01:00
Login attempt - Email=karel@gmail.com, RoleRaw='user', TypStravnik='pr', Time=2025-12-16T23:16:42.7925252+01:00
Login attempt - Email=karel@gmail.com, RoleRaw='user', TypStravnik='pr', Time=2025-12-16T23:21:55.6292432+01:00
Login attempt - Email=karel@gmail.com, RoleRaw='user', TypStravnik='pr', Time=2025-12-16T23:26:45.3423445+01:00
Login attempt - Email=karel@gmail.com, RoleRaw='user', TypStravnik='pr', Time=2025-12-16T23:40:12.9145332+01:00
Login attempt - Email=karel@gmail.com, RoleRaw='user', TypStravnik='pr', Time=2025-12-16T23:49:56.7078322+01:00
Login attempt - Email=karel@gmail.com, RoleRaw='user', TypStravnik='pr', Time=2025-12-16T23:55:53.1542392+01:00
Login attempt - Email=karel@gmail.com, RoleRaw='user', TypStravnik='pr', Time=2025-12-17T00:00:38.1809421+01:00
Login attempt - Email=karel@gmail.com, RoleRaw='user', TypStravnik='pr', Time=2025-12-17T00:05:24.4041395+01:00
Login attempt - Email=karel@gmail.com, RoleRaw='user', TypStravnik='pr', Time=2025-12-17T00:10:46.3635904+01:00
Login attempt - Email=karel@gmail.com, RoleRaw='user', TypStravnik='pr', Time=2025-12-17T00:12:01.0615880+01:00
Login attempt - Email=karel@gmail.com, RoleRaw='user', TypStravnik='pr', Time=2025-12-17T00:23:22.6551825+01:00
Login attempt - Email=karel@gmail.com, RoleRaw='user', TypStravnik='pr', Time=2025-12-17T00:32:13.6919075+01:00
Login attempt - Email=karel@gmail.com, RoleRaw='user', TypStravnik='pr', Time=2025-12-17T00:35:00.8275045+01:00
Login attempt - Email=marie@gmail.com, RoleRaw='user', TypStravnik='st', Time=2025-12-17T00:37:54.4362261+01:00
Login attempt - Email=karel@gmail.com, RoleRaw='user', TypStravnik='pr', Time=2025-12-17T09:37:12.0567194+01:00
Login attempt - Email=karel@gmail.com, RoleRaw='user', TypStravnik='pr', Time=2025-12-17T09:42:10.3860205+01:00
Login attempt - Email=karel@gmail.com, RoleRaw='user', TypStravnik='pr', Time=2025-12-17T09:46:03.8637564+01:00
Login attempt - Email=karel@gmail.com, RoleRaw='user', TypStravnik='pr', Time=2025-12-17T09:48:47.0884235+01:00
Login attempt - Email=karel@gmail.com, RoleRaw='user', TypStravnik='pr', Time=2025-12-17T09:56:44.4167761+01:00
Login attempt - Email=karel@gmail.com, RoleRaw='user', TypStravnik='pr', Time=2025-12-17T10:01:11.2486492+01:00
Login attempt - Email=karel@gmail.com, RoleRaw='user', TypStravnik='pr', Time=2025-12-17T10:12:34.1705982+01:00
Login attempt - Email=karel@gmail.com, RoleRaw='user', TypStravnik='pr', Time=2025-12-17T10:16:57.1424575+01:00
Login attempt - Email=karel@gmail.com, RoleRaw='user', TypStravnik='pr', Time=2025-12-17T11:07:33.4127289+01:00
Login attempt - Email=karel@gmail.com, RoleRaw='user', TypStravnik='pr', Time=2025-12-17T11:23:59.8377122+01:00
Login attempt - Email=marie@gmail.com, RoleRaw='user', TypStravnik='st', Time=2025-12-17T11:33:19.0164381+01:00
Login attempt - Email=janN@gmail.com, RoleRaw='admin', TypStravnik='pr', Time=2025-12-17T11:42:25.8499599+01:00
Login attempt - Email=janN@gmail.com, RoleRaw='admin', TypStravnik='pr', Time=2025-12-17T11:50:54.8260433+01:00
Login attempt - Email=janN@gmail.com, RoleRaw='admin', TypStravnik='pr', Time=2025-12-17T11:58:45.7729926+01:00
Login attempt - Email=janN@gmail.com, RoleRaw='admin', TypStravnik='pr', Time=2025-12-17T12:02:45.6450301+01:00
Login attempt - Email=janN@gmail.com, RoleRaw='admin', TypStravnik='pr', Time=2025-12-17T12:15:57.8622346+01:00
Login attempt - Email=janN@gmail.com, RoleRaw='admin', TypStravnik='pr', Time=2025-12-17T12:21:59.1881464+01:00
Login attempt - Email=janN@gmail.com, RoleRaw='admin', TypStravnik='pr', Time=2025-12-17T12:23:24.7063450+01:00
Login attempt - Email=janN@gmail.com, RoleRaw='admin', TypStravnik='pr', Time=2025-12-17T12:26:20.5135201+01:00
Login attempt - Email=janN@gmail.com, RoleRaw='admin', TypStravnik='pr', Time=2025-12-17T12:36:32.8696632+01:00
Login attempt - Email=janN@gmail.com, RoleRaw='admin', TypStravnik='pr', Time=2025-12-17T12:45:29.8516731+01:00
Login attempt - Email=janN@gmail.com, RoleRaw='admin', TypStravnik='pr', Time=2025-12-17T12:53:54.8157490+01:00
Login attempt - Email=janN@gmail.com, RoleRaw='admin', TypStravnik='pr', Time=2025-12-17T13:03:20.0295272+01:00
Login attempt - Email=janN@gmail.com, RoleRaw='admin', TypStravnik='pr', Time=2025-12-17T13:16:03.9886874+01:00
Login attempt - Email=janN@gmail.com, RoleRaw='admin', TypStravnik='pr', Time=2025-12-17T13:17:55.7499429+01:00
Login attempt - Email=janN@gmail.com, RoleRaw='admin', TypStravnik='pr', Time=2025-12-17T13:34:46.8445795+01:00
Login attempt - Email=janN@gmail.com, RoleRaw='admin', TypStravnik='pr', Time=2025-12-17T13:47:29.2148702+01:00
Login attempt - Email=janN@gmail.com, RoleRaw='admin', TypStravnik='pr', Time=2025-12-17T13:59:31.0460249+01:00
Login attempt - Email=janN@gmail.com, RoleRaw='admin', TypStravnik='pr', Time=2025-12-17T14:06:00.4674494+01:00
Login attempt - Email=janN@gmail.com, RoleRaw='admin', TypStravnik='pr', Time=2025-12-17T14:08:51.0933091+01:00
Login attempt - Email=janN@gmail.com, RoleRaw='admin', TypStravnik='pr', Time=2025-12-17T14:19:34.0937715+01:00
Login attempt - Email=janN@gmail.com, RoleRaw='admin', TypStravnik='pr', Time=2025-12-17T14:28:11.7931842+01:00
Login attempt - Email=janN@gmail.com, RoleRaw='admin', TypStravnik='pr', Time=2025-12-17T14:29:14.8591130+01:00
Login attempt - Email=janN@gmail.com, RoleRaw='admin', TypStravnik='pr', Time=2025-12-17T14:34:20.4009453+01:00
Login attempt - Email=janN@gmail.com, RoleRaw='admin', TypStravnik='pr', Time=2025-12-17T14:37:11.2020359+01:00
Login attempt - Email=janN@gmail.com, RoleRaw='admin', TypStravnik='pr', Time=2025-12-17T14:43:22.9868443+01:00
Login attempt - Email=janN@gmail.com, RoleRaw='admin', TypStravnik='pr', Time=2025-12-17T14:52:41.8449581+01:00
Login attempt - Email=janN@gmail.com, RoleRaw='admin', TypStravnik='pr', Time=2025-12-17T14:54:28.7119592+01:00
Login attempt - Email=janN@gmail.com, RoleRaw='admin', TypStravnik='pr', Time=2025-12-17T15:00:59.5145214+01:00
Login attempt - Email=marie@gmail.com, RoleRaw='user', TypStravnik='st', Time=2025-12-17T15:03:11.1955923+01:00
Login attempt - Email=janN@gmail.com, RoleRaw='admin', TypStravnik='pr', Time=2025-12-17T15:04:06.0353388+01:00
Login attempt - Email=janN@gmail.com, RoleRaw='admin', TypStravnik='pr', Time=2025-12-17T15:10:03.4974725+01:00
Login attempt - Email=janN@gmail.com, RoleRaw='admin', TypStravnik='pr', Time=2025-12-17T15:18:43.1456223+01:00
Login attempt - Email=janN@gmail.com, RoleRaw='admin', TypStravnik='pr', Time=2025-12-17T15:35:04.3987994+01:00
Login attempt - Email=janN@gmail.com, RoleRaw='admin', TypStravnik='pr', Time=2025-12-17T15:42:23.9572509+01:00
Login attempt - Email=janN@gmail.com, RoleRaw='admin', TypStravnik='pr', Time=2025-12-18T13:21:43.0147060+01:00
Login attempt - Email=janN@gmail.com, RoleRaw='admin', TypStravnik='pr', Time=2025-12-18T13:50:37.2392123+01:00
Login attempt - Email=janN@gmail.com, RoleRaw='admin', TypStravnik='pr', Time=2025-12-18T13:56:01.4803857+01:00
Login attempt - Email=janN@gmail.com, RoleRaw='admin', TypStravnik='pr', Time=2025-12-18T14:05:36.8257158+01:00
Login attempt - Email=janN@gmail.com, RoleRaw='admin', TypStravnik='pr', Time=2025-12-18T14:17:00.3021914+01:00
Login attempt - Email=janN@gmail.com, RoleRaw='admin', TypStravnik='pr', Time=2025-12-18T14:28:18.3838889+01:00
Login attempt - Email=janN@gmail.com, RoleRaw='admin', TypStravnik='pr', Time=2025-12-18T14:33:32.5281962+01:00
Login attempt - Email=janN@gmail.com, RoleRaw='admin', TypStravnik='pr', Time=2025-12-18T14:41:33.0192560+01:00
Login attempt - Email=janN@gmail.com, RoleRaw='admin', TypStravnik='pr', Time=2025-12-18T14:45:36.8671483+01:00
Login attempt - Email=janN@gmail.com, RoleRaw='admin', TypStravnik='pr', Time=2025-12-18T14:53:11.4067860+01:00
Login attempt - Email=janN@gmail.com, RoleRaw='admin', TypStravnik='pr', Time=2025-12-18T15:00:54.4568024+01:00
Login attempt - Email=janN@gmail.com, RoleRaw='admin', TypStravnik='pr', Time=2025-12-18T15:05:10.2320733+01:00
Login attempt - Email=janN@gmail.com, RoleRaw='admin', TypStravnik='pr', Time=2025-12-18T15:13:25.3350188+01:00
Login attempt - Email=janN@gmail.com, RoleRaw='admin', TypStravnik='pr', Time=2025-12-18T15:19:05.6413829+01:00
Login attempt - Email=janN@gmail.com, RoleRaw='admin', TypStravnik='pr', Time=2025-12-18T15:23:51.3571637+01:00
Login attempt - Email=janN@gmail.com, RoleRaw='admin', TypStravnik='pr', Time=2025-12-18T15:30:55.3108101+01:00
Login attempt - Email=janN@gmail.com, RoleRaw='admin', TypStravnik='pr', Time=2025-12-18T15:35:31.4100281+01:00
Login attempt - Email=janN@gmail.com, RoleRaw='admin', TypStravnik='pr', Time=2025-12-18T15:43:36.8353184+01:00
Login attempt - Email=janN@gmail.com, RoleRaw='admin', TypStravnik='pr', Time=2025-12-18T15:53:28.5888010+01:00
Login attempt - Email=janN@gmail.com, RoleRaw='admin', TypStravnik='pr', Time=2025-12-18T16:08:11.7275817+01:00
Login attempt - Email=janN@gmail.com, RoleRaw='admin', TypStravnik='pr', Time=2025-12-18T16:17:28.6972295+01:00
Login attempt - Email=karel@gmail.com, RoleRaw='user', TypStravnik='pr', Time=2025-12-18T16:22:19.8964181+01:00
Login attempt - Email=marie@gmail.com, RoleRaw='user', TypStravnik='st', Time=2025-12-18T16:31:35.4384582+01:00
Login attempt - Email=janN@gmail.com, RoleRaw='admin', TypStravnik='pr', Time=2025-12-18T16:52:08.8152240+01:00
Login attempt - Email=janN@gmail.com, RoleRaw='admin', TypStravnik='pr', Time=2025-12-18T16:59:35.2929057+01:00
Login attempt - Email=janN@gmail.com, RoleRaw='admin', TypStravnik='pr', Time=2025-12-18T17:05:42.9594783+01:00
Login attempt - Email=janN@gmail.com, RoleRaw='admin', TypStravnik='pr', Time=2025-12-18T17:21:17.2389011+01:00
Login attempt - Email=janN@gmail.com, RoleRaw='admin', TypStravnik='pr', Time=2025-12-18T18:28:18.0759493+01:00
Login attempt - Email=janN@gmail.com, RoleRaw='admin', TypStravnik='pr', Time=2025-12-19T09:45:44.0932100+01:00
Login attempt - Email=barbora@seznam.cz, RoleRaw='user', TypStravnik='pr', Time=2025-12-19T10:03:38.6742702+01:00
Login attempt - Email=janN@gmail.com, RoleRaw='admin', TypStravnik='pr', Time=2025-12-19T10:07:10.4357815+01:00
Login attempt - Email=karel@gmail.com, RoleRaw='user', TypStravnik='pr', Time=2025-12-22T14:54:04.2321738+01:00
Login attempt - Email=karel@gmail.com, RoleRaw='user', TypStravnik='pr', Time=2025-12-22T15:21:06.1653494+01:00
Login attempt - Email=karel@gmail.com, RoleRaw='user', TypStravnik='pr', Time=2025-12-22T15:27:57.0474402+01:00
Login attempt - Email=karel@gmail.com, RoleRaw='user', TypStravnik='pr', Time=2025-12-22T15:37:51.5855767+01:00
Login attempt - Email=karel@gmail.com, RoleRaw='user', TypStravnik='pr', Time=2025-12-22T16:35:53.2652119+01:00
Login attempt - Email=janN@gmail.com, RoleRaw='admin', TypStravnik='pr', Time=2025-12-22T16:37:15.5461390+01:00
Login attempt - Email=janN@gmail.com, RoleRaw='admin', TypStravnik='pr', Time=2025-12-22T16:39:47.3042013+01:00
Login attempt - Email=janN@gmail.com, RoleRaw='admin', TypStravnik='pr', Time=2025-12-22T16:44:13.5105117+01:00
Login attempt - Email=janN@gmail.com, RoleRaw='admin', TypStravnik='pr', Time=2025-12-22T17:03:40.9201208+01:00
Login attempt - Email=janN@gmail.com, RoleRaw='admin', TypStravnik='pr', Time=2025-12-25T13:42:34.4600275+01:00
Login attempt - Email=janN@gmail.com, RoleRaw='admin', TypStravnik='pr', Time=2025-12-25T14:35:45.5020506+01:00
Login attempt - Email=janN@gmail.com, RoleRaw='admin', TypStravnik='pr', Time=2025-12-25T14:40:17.2237776+01:00
Login attempt - Email=janN@gmail.com, RoleRaw='admin', TypStravnik='pr', Time=2025-12-25T14:42:20.9189499+01:00
Login attempt - Email=janN@gmail.com, RoleRaw='admin', TypStravnik='pr', Time=2025-12-25T14:55:24.7042886+01:00
Login attempt - Email=janN@gmail.com, RoleRaw='admin', TypStravnik='pr', Time=2025-12-25T15:38:05.3163999+01:00
Login attempt - Email=janN@gmail.com, RoleRaw='admin', TypStravnik='pr', Time=2025-12-25T15:41:36.3990722+01:00
Login attempt - Email=janN@gmail.com, RoleRaw='admin', TypStravnik='pr', Time=2025-12-25T15:58:48.4077749+01:00
Login attempt - Email=janN@gmail.com, RoleRaw='admin', TypStravnik='pr', Time=2025-12-25T16:28:03.3459552+01:00
Login attempt - Email=janN@gmail.com, RoleRaw='admin', TypStravnik='pr', Time=2025-12-28T17:36:13.3397290+01:00
Login attempt - Email=janN@gmail.com, RoleRaw='admin', TypStravnik='pr', Time=2025-12-28T18:19:58.8364473+01:00
Login attempt - Email=janN@gmail.com, RoleRaw='admin', TypStravnik='pr', Time=2025-12-28T18:45:42.4637748+01:00
Login attempt - Email=janN@gmail.com, RoleRaw='admin', TypStravnik='pr', Time=2025-12-28T18:51:10.4522915+01:00
Login attempt - Email=janN@gmail.com, RoleRaw='admin', TypStravnik='pr', Time=2025-12-28T18:58:16.2411024+01:00
Login attempt - Email=janN@gmail.com, RoleRaw='admin', TypStravnik='pr', Time=2025-12-28T18:59:47.2789506+01:00
Login attempt - Email=janN@gmail.com, RoleRaw='admin', TypStravnik='pr', Time=2025-12-28T19:01:50.1523490+01:00
Login attempt - Email=janN@gmail.com, RoleRaw='admin', TypStravnik='pr', Time=2025-12-28T19:06:55.9969256+01:00
Login attempt - Email=janN@gmail.com, RoleRaw='admin', TypStravnik='pr', Time=2025-12-28T19:14:06.8668392+01:00
Login attempt - Email=janN@gmail.com, RoleRaw='admin', TypStravnik='pr', Time=2025-12-28T19:15:24.9846863+01:00
Login attempt - Email=janN@gmail.com, RoleRaw='admin', TypStravnik='pr', Time=2025-12-28T19:18:30.4386831+01:00
Login attempt - Email=janN@gmail.com, RoleRaw='admin', TypStravnik='pr', Time=2025-12-28T19:24:36.1697543+01:00
Login attempt - Email=janN@gmail.com, RoleRaw='admin', TypStravnik='pr', Time=2025-12-28T19:26:38.9848376+01:00
Login attempt - Email=janN@gmail.com, RoleRaw='admin', TypStravnik='pr', Time=2025-12-28T20:08:02.6658615+01:00
Login attempt - Email=janN@gmail.com, RoleRaw='admin', TypStravnik='pr', Time=2025-12-28T20:10:40.0239905+01:00
Login attempt - Email=janN@gmail.com, RoleRaw='admin', TypStravnik='pr', Time=2025-12-28T20:14:43.9232334+01:00
Login attempt - Email=janN@gmail.com, RoleRaw='admin', TypStravnik='pr', Time=2025-12-29T13:55:37.8229533+01:00
Login attempt - Email=janN@gmail.com, RoleRaw='admin', TypStravnik='pr', Time=2025-12-29T14:02:36.3210948+01:00
Login attempt - Email=janN@gmail.com, RoleRaw='admin', TypStravnik='pr', Time=2025-12-29T14:21:36.6590205+01:00
Login attempt - Email=janN@gmail.com, RoleRaw='admin', TypStravnik='pr', Time=2025-12-29T14:45:10.9461413+01:00
Login attempt - Email=janN@gmail.com, RoleRaw='admin', TypStravnik='pr', Time=2025-12-29T14:48:37.3604316+01:00
Login attempt - Email=janN@gmail.com, RoleRaw='admin', TypStravnik='pr', Time=2025-12-29T14:51:45.1469314+01:00
Login attempt - Email=janN@gmail.com, RoleRaw='admin', TypStravnik='pr', Time=2025-12-29T15:06:09.6035174+01:00
Login attempt - Email=janN@gmail.com, RoleRaw='admin', TypStravnik='pr', Time=2025-12-29T15:26:26.6976504+01:00
Login attempt - Email=janN@gmail.com, RoleRaw='admin', TypStravnik='pr', Time=2025-12-29T15:50:53.1154749+01:00
Login attempt - Email=janN@gmail.com, RoleRaw='admin', TypStravnik='pr', Time=2025-12-29T15:56:40.5708648+01:00
Login attempt - Email=janN@gmail.com, RoleRaw='admin', TypStravnik='pr', Time=2025-12-29T16:07:24.1001110+01:00
Login attempt - Email=janN@gmail.com, RoleRaw='admin', TypStravnik='pr', Time=2025-12-29T16:14:10.2711124+01:00
Login attempt - Email=janN@gmail.com, RoleRaw='admin', TypStravnik='pr', Time=2025-12-29T16:25:50.5010843+01:00
Login attempt - Email=janN@gmail.com, RoleRaw='admin', TypStravnik='pr', Time=2025-12-29T16:29:31.3612335+01:00
Login attempt - Email=janN@gmail.com, RoleRaw='admin', TypStravnik='pr', Time=2025-12-29T16:35:49.0436663+01:00
Login attempt - Email=janN@gmail.com, RoleRaw='admin', TypStravnik='pr', Time=2025-12-29T16:44:59.0054674+01:00
Login attempt - Email=janN@gmail.com, RoleRaw='admin', TypStravnik='pr', Time=2025-12-29T16:52:39.5968667+01:00
Login attempt - Email=janN@gmail.com, RoleRaw='admin', TypStravnik='pr', Time=2025-12-29T16:54:58.1478909+01:00
Login attempt - Email=janN@gmail.com, RoleRaw='admin', TypStravnik='pr', Time=2025-12-29T16:59:46.8754763+01:00
Login attempt - Email=janN@gmail.com, RoleRaw='admin', TypStravnik='pr', Time=2025-12-29T17:01:24.2450781+01:00
Login attempt - Email=janN@gmail.com, RoleRaw='admin', TypStravnik='pr', Time=2025-12-29T17:09:41.9411278+01:00
Login attempt - Email=janN@gmail.com, RoleRaw='admin', TypStravnik='pr', Time=2025-12-29T17:12:33.7006402+01:00
Login attempt - Email=janN@gmail.com, RoleRaw='admin', TypStravnik='pr', Time=2025-12-29T17:34:51.6449073+01:00
Login attempt - Email=janN@gmail.com, RoleRaw='admin', TypStravnik='pr', Time=2025-12-29T18:20:34.8370922+01:00
Login attempt - Email=janN@gmail.com, RoleRaw='admin', TypStravnik='pr', Time=2025-12-29T18:37:28.2921074+01:00
Login attempt - Email=janN@gmail.com, RoleRaw='admin', TypStravnik='pr', Time=2025-12-29T18:40:26.8382420+01:00
Login attempt - Email=janN@gmail.com, RoleRaw='admin', TypStravnik='pr', Time=2025-12-29T18:44:12.7729355+01:00
Login attempt - Email=janN@gmail.com, RoleRaw='admin', TypStravnik='pr', Time=2025-12-29T18:44:41.2794695+01:00
Login attempt - Email=janN@gmail.com, RoleRaw='admin', TypStravnik='pr', Time=2025-12-29T18:48:40.8307208+01:00
Login attempt - Email=janN@gmail.com, RoleRaw='admin', TypStravnik='pr', Time=2025-12-29T18:57:43.0146600+01:00
Login attempt - Email=janN@gmail.com, RoleRaw='admin', TypStravnik='pr', Time=2025-12-29T19:00:46.2532794+01:00
Login attempt - Email=janN@gmail.com, RoleRaw='admin', TypStravnik='pr', Time=2025-12-29T19:04:02.5837457+01:00
Login attempt - Email=janN@gmail.com, RoleRaw='admin', TypStravnik='pr', Time=2025-12-29T19:12:03.8229856+01:00
Login attempt - Email=janN@gmail.com, RoleRaw='admin', TypStravnik='pr', Time=2025-12-29T19:16:28.6408329+01:00
Login attempt - Email=katerina@seznam.cz, RoleRaw='user', TypStravnik='st', Time=2025-12-31T15:08:42.5320682+01:00
Login attempt - Email=janN@gmail.com, RoleRaw='admin', TypStravnik='pr', Time=2025-12-31T15:14:08.8232208+01:00
Login attempt - Email=janN@gmail.com, RoleRaw='admin', TypStravnik='pr', Time=2026-01-01T17:30:39.8987605+01:00
Login attempt - Email=janN@gmail.com, RoleRaw='admin', TypStravnik='pr', Time=2026-01-01T18:15:42.0955609+01:00
Login attempt - Email=janN@gmail.com, RoleRaw='admin', TypStravnik='pr', Time=2026-01-01T18:24:18.5465665+01:00
Login attempt - Email=janN@gmail.com, RoleRaw='admin', TypStravnik='pr', Time=2026-01-01T18:34:42.5560140+01:00
Login attempt - Email=janN@gmail.com, RoleRaw='admin', TypStravnik='pr', Time=2026-01-01T18:42:30.6551601+01:00
Login attempt - Email=janN@gmail.com, RoleRaw='admin', TypStravnik='pr', Time=2026-01-01T18:51:29.4601139+01:00
Login attempt - Email=janN@gmail.com, RoleRaw='admin', TypStravnik='pr', Time=2026-01-01T19:00:29.8539852+01:00
Login attempt - Email=janN@gmail.com, RoleRaw='admin', TypStravnik='pr', Time=2026-01-01T19:08:20.1706021+01:00
Login attempt - Email=janN@gmail.com, RoleRaw='admin', TypStravnik='pr', Time=2026-01-01T19:10:26.6930767+01:00
Login attempt - Email=janN@gmail.com, RoleRaw='admin', TypStravnik='pr', Time=2026-01-01T19:13:00.9349089+01:00
Login attempt - Email=janN@gmail.com, RoleRaw='admin', TypStravnik='pr', Time=2026-01-01T19:29:31.0861561+01:00
Login attempt - Email=janN@gmail.com, RoleRaw='admin', TypStravnik='pr', Time=2026-01-01T19:42:26.4614756+01:00
Login attempt - Email=janN@gmail.com, RoleRaw='admin', TypStravnik='pr', Time=2026-01-01T20:03:49.7211870+01:00
Login attempt - Email=janN@gmail.com, RoleRaw='admin', TypStravnik='pr', Time=2026-01-01T20:06:58.1527717+01:00
Login attempt - Email=janN@gmail.com, RoleRaw='admin', TypStravnik='pr', Time=2026-01-01T20:12:01.6152089+01:00
Login attempt - Email=janN@gmail.com, RoleRaw='admin', TypStravnik='pr', Time=2026-01-01T20:15:15.8069795+01:00
Login attempt - Email=janN@gmail.com, RoleRaw='admin', TypStravnik='pr', Time=2026-01-01T20:34:22.6069594+01:00
Login attempt - Email=janN@gmail.com, RoleRaw='admin', TypStravnik='pr', Time=2026-01-01T20:35:32.9739000+01:00
Login attempt - Email=janN@gmail.com, RoleRaw='admin', TypStravnik='pr', Time=2026-01-01T20:42:32.5913413+01:00
Login attempt - Email=janN@gmail.com, RoleRaw='admin', TypStravnik='pr', Time=2026-01-01T20:45:47.8546450+01:00
Login attempt - Email=janN@gmail.com, RoleRaw='admin', TypStravnik='pr', Time=2026-01-01T20:56:38.4734556+01:00
Login attempt - Email=janN@gmail.com, RoleRaw='admin', TypStravnik='pr', Time=2026-01-01T21:35:17.6389098+01:00
